<?xml version="1.0" encoding="UTF-8"?>
<!-- Generated by org.testng.reporters.JUnitReportReporter -->
<testsuite hostname="JP" failures="0" tests="3" name="TestNg.test1" time="0.070" errors="0" timestamp="2022-01-04T18:19:24 IST" skipped="0">
  <testcase classname="TestNg.test1" name="restapipersonalloan" time="0.013"/>
  <system-out/>
  <testcase classname="TestNg.test1" name="Webpersonalloan" time="0.050"/>
  <system-out/>
  <testcase classname="TestNg.test1" name="mobilepersonalloan" time="0.007"/>
  <system-out/>
</testsuite> <!-- TestNg.test1 -->
