<?xml version="1.0" encoding="UTF-8"?>
<!-- Generated by org.testng.reporters.JUnitReportReporter -->
<testsuite hostname="JP" failures="0" tests="3" name="TestNg.helperattribute" time="0.042" errors="0" timestamp="2022-01-05T20:10:52 IST" skipped="0">
  <testcase classname="TestNg.helperattribute" name="mobilecar" time="0.035"/>
  <system-out/>
  <testcase classname="TestNg.helperattribute" name="webcar" time="0.004"/>
  <system-out/>
  <testcase classname="TestNg.helperattribute" name="restapicar" time="0.003"/>
  <system-out/>
</testsuite> <!-- TestNg.helperattribute -->
