<?xml version="1.0" encoding="UTF-8"?>
<!-- Generated by org.testng.reporters.JUnitReportReporter -->
<testsuite hostname="JP" failures="0" tests="1" name="TestNg.testng1" time="0.018" errors="0" timestamp="2022-01-03T19:53:56 IST" skipped="0">
  <testcase classname="TestNg.testng1" name="display" time="0.018"/>
  <system-out/>
</testsuite> <!-- TestNg.testng1 -->
