<?xml version="1.0" encoding="UTF-8"?>
<!-- Generated by org.testng.reporters.JUnitReportReporter -->
<testsuite hostname="JP" failures="0" tests="3" name="TestNg.test2" time="0.055" errors="0" timestamp="2022-01-03T19:53:56 IST" skipped="1">
  <testcase classname="TestNg.test2" name="mobilecarloan" time="0.004"/>
  <system-out/>
  <testcase classname="TestNg.test2" name="webcarloan" time="0.051"/>
  <system-out/>
  <testcase classname="TestNg.test2" name="restapicarloan">
    <skipped/>
  </testcase> <!-- restapicarloan -->
  <system-out/>
</testsuite> <!-- TestNg.test2 -->
