<?xml version="1.0" encoding="UTF-8"?>
<!-- Generated by org.testng.reporters.JUnitReportReporter -->
<testsuite hostname="JP" failures="0" tests="3" name="TestNg.paramatersxml" time="0.030" errors="0" timestamp="2022-01-05T20:11:30 IST" skipped="0">
  <testcase classname="TestNg.paramatersxml" name="test3" time="0.017"/>
  <system-out/>
  <testcase classname="TestNg.paramatersxml" name="test1" time="0.008"/>
  <system-out/>
  <testcase classname="TestNg.paramatersxml" name="test2" time="0.005"/>
  <system-out/>
</testsuite> <!-- TestNg.paramatersxml -->
