<?xml version="1.0" encoding="UTF-8"?>
<!-- Generated by org.testng.reporters.JUnitReportReporter -->
<testsuite hostname="JP" failures="0" tests="1" name="introduction.testng1" time="0.033" errors="0" timestamp="2021-12-29T18:47:46 IST" skipped="0">
  <testcase classname="introduction.testng1" name="demo" time="0.033"/>
  <system-out/>
</testsuite> <!-- introduction.testng1 -->
